Copyright 1986-2020 Xilinx, Inc. All Rights Reserved.
------------------------------------------------------------------------------------
| Tool Version : Vivado v.2020.1 (win64) Build 2902540 Wed May 27 19:54:49 MDT 2020
| Date         : Thu Apr  1 20:44:44 2021
| Host         : jedla running 64-bit major release  (build 9200)
| Command      : upgrade_ip
| Device       : xc7z020clg400-1
------------------------------------------------------------------------------------

Upgrade Log for IP 'design_1_LBlock_wrapper_0_0'

1. Summary
----------

SUCCESS in the upgrade of design_1_LBlock_wrapper_0_0 (xilinx.com:user:LBlock_wrapper:4.0) from (Rev. 5) to (Rev. 6)






Copyright 1986-2020 Xilinx, Inc. All Rights Reserved.
------------------------------------------------------------------------------------
| Tool Version : Vivado v.2020.1 (win64) Build 2902540 Wed May 27 19:54:49 MDT 2020
| Date         : Thu Apr  1 19:45:55 2021
| Host         : jedla running 64-bit major release  (build 9200)
| Command      : upgrade_ip
| Device       : xc7z020clg400-1
------------------------------------------------------------------------------------

Upgrade Log for IP 'design_1_LBlock_wrapper_0_0'

1. Summary
----------

SUCCESS in the upgrade of design_1_LBlock_wrapper_0_0 (xilinx.com:user:LBlock_wrapper:4.0) from (Rev. 4) to (Rev. 5)






Copyright 1986-2020 Xilinx, Inc. All Rights Reserved.
------------------------------------------------------------------------------------
| Tool Version : Vivado v.2020.1 (win64) Build 2902540 Wed May 27 19:54:49 MDT 2020
| Date         : Sun Mar 28 21:18:23 2021
| Host         : jedla running 64-bit major release  (build 9200)
| Command      : upgrade_ip
| Device       : xc7z020clg400-1
------------------------------------------------------------------------------------

Upgrade Log for IP 'design_1_LBlock_wrapper_0_0'

1. Summary
----------

SUCCESS in the upgrade of design_1_LBlock_wrapper_0_0 (xilinx.com:user:LBlock_wrapper:4.0) from (Rev. 3) to (Rev. 4)






Copyright 1986-2020 Xilinx, Inc. All Rights Reserved.
------------------------------------------------------------------------------------
| Tool Version : Vivado v.2020.1 (win64) Build 2902540 Wed May 27 19:54:49 MDT 2020
| Date         : Sun Mar 28 21:08:24 2021
| Host         : jedla running 64-bit major release  (build 9200)
| Command      : upgrade_ip
| Device       : xc7z020clg400-1
------------------------------------------------------------------------------------

Upgrade Log for IP 'design_1_LBlock_wrapper_0_0'

1. Summary
----------

SUCCESS in the upgrade of design_1_LBlock_wrapper_0_0 (xilinx.com:user:LBlock_wrapper:4.0) from (Rev. 2) to (Rev. 3)






Copyright 1986-2020 Xilinx, Inc. All Rights Reserved.
------------------------------------------------------------------------------------
| Tool Version : Vivado v.2020.1 (win64) Build 2902540 Wed May 27 19:54:49 MDT 2020
| Date         : Sun Mar 21 21:29:05 2021
| Host         : jedla running 64-bit major release  (build 9200)
| Command      : upgrade_ip
| Device       : xc7z020clg400-1
------------------------------------------------------------------------------------

Upgrade Log for IP 'design_1_LBlock_wrapper_0_0'

1. Summary
----------

SUCCESS in the upgrade of design_1_LBlock_wrapper_0_0 from xilinx.com:user:LBlock_wrapper:3.0 (Rev. 30) to xilinx.com:user:LBlock_wrapper:4.0 (Rev. 2)






Copyright 1986-2020 Xilinx, Inc. All Rights Reserved.
------------------------------------------------------------------------------------
| Tool Version : Vivado v.2020.1 (win64) Build 2902540 Wed May 27 19:54:49 MDT 2020
| Date         : Sun Mar 21 20:45:24 2021
| Host         : jedla running 64-bit major release  (build 9200)
| Command      : upgrade_ip
| Device       : xc7z020clg400-1
------------------------------------------------------------------------------------

Upgrade Log for IP 'design_1_LBlock_wrapper_0_0'

1. Summary
----------

SUCCESS in the upgrade of design_1_LBlock_wrapper_0_0 (xilinx.com:user:LBlock_wrapper:3.0) from (Rev. 29) to (Rev. 30)






Copyright 1986-2020 Xilinx, Inc. All Rights Reserved.
------------------------------------------------------------------------------------
| Tool Version : Vivado v.2020.1 (win64) Build 2902540 Wed May 27 19:54:49 MDT 2020
| Date         : Sun Mar 21 19:59:54 2021
| Host         : jedla running 64-bit major release  (build 9200)
| Command      : upgrade_ip
| Device       : xc7z020clg400-1
------------------------------------------------------------------------------------

Upgrade Log for IP 'design_1_LBlock_wrapper_0_0'

1. Summary
----------

SUCCESS in the upgrade of design_1_LBlock_wrapper_0_0 (xilinx.com:user:LBlock_wrapper:3.0) from (Rev. 28) to (Rev. 29)






Copyright 1986-2020 Xilinx, Inc. All Rights Reserved.
------------------------------------------------------------------------------------
| Tool Version : Vivado v.2020.1 (win64) Build 2902540 Wed May 27 19:54:49 MDT 2020
| Date         : Sun Mar 21 19:31:06 2021
| Host         : jedla running 64-bit major release  (build 9200)
| Command      : upgrade_ip
| Device       : xc7z020clg400-1
------------------------------------------------------------------------------------

Upgrade Log for IP 'design_1_LBlock_wrapper_0_0'

1. Summary
----------

SUCCESS in the upgrade of design_1_LBlock_wrapper_0_0 (xilinx.com:user:LBlock_wrapper:3.0) from (Rev. 27) to (Rev. 28)






Copyright 1986-2020 Xilinx, Inc. All Rights Reserved.
------------------------------------------------------------------------------------
| Tool Version : Vivado v.2020.1 (win64) Build 2902540 Wed May 27 19:54:49 MDT 2020
| Date         : Sun Mar 21 18:54:09 2021
| Host         : jedla running 64-bit major release  (build 9200)
| Command      : upgrade_ip
| Device       : xc7z020clg400-1
------------------------------------------------------------------------------------

Upgrade Log for IP 'design_1_LBlock_wrapper_0_0'

1. Summary
----------

SUCCESS in the upgrade of design_1_LBlock_wrapper_0_0 (xilinx.com:user:LBlock_wrapper:3.0) from (Rev. 26) to (Rev. 27)






Copyright 1986-2020 Xilinx, Inc. All Rights Reserved.
------------------------------------------------------------------------------------
| Tool Version : Vivado v.2020.1 (win64) Build 2902540 Wed May 27 19:54:49 MDT 2020
| Date         : Sun Mar 21 18:49:00 2021
| Host         : jedla running 64-bit major release  (build 9200)
| Command      : upgrade_ip
| Device       : xc7z020clg400-1
------------------------------------------------------------------------------------

Upgrade Log for IP 'design_1_LBlock_wrapper_0_0'

1. Summary
----------

SUCCESS in the upgrade of design_1_LBlock_wrapper_0_0 (xilinx.com:user:LBlock_wrapper:3.0) from (Rev. 24) to (Rev. 26)






Copyright 1986-2020 Xilinx, Inc. All Rights Reserved.
------------------------------------------------------------------------------------
| Tool Version : Vivado v.2020.1 (win64) Build 2902540 Wed May 27 19:54:49 MDT 2020
| Date         : Sun Mar 21 18:20:26 2021
| Host         : jedla running 64-bit major release  (build 9200)
| Command      : upgrade_ip
| Device       : xc7z020clg400-1
------------------------------------------------------------------------------------

Upgrade Log for IP 'design_1_LBlock_wrapper_0_0'

1. Summary
----------

SUCCESS in the upgrade of design_1_LBlock_wrapper_0_0 (xilinx.com:user:LBlock_wrapper:3.0) from (Rev. 23) to (Rev. 24)






Copyright 1986-2020 Xilinx, Inc. All Rights Reserved.
------------------------------------------------------------------------------------
| Tool Version : Vivado v.2020.1 (win64) Build 2902540 Wed May 27 19:54:49 MDT 2020
| Date         : Sun Mar 21 18:02:08 2021
| Host         : jedla running 64-bit major release  (build 9200)
| Command      : upgrade_ip
| Device       : xc7z020clg400-1
------------------------------------------------------------------------------------

Upgrade Log for IP 'design_1_LBlock_wrapper_0_0'

1. Summary
----------

SUCCESS in the upgrade of design_1_LBlock_wrapper_0_0 (xilinx.com:user:LBlock_wrapper:3.0) from (Rev. 22) to (Rev. 23)






Copyright 1986-2020 Xilinx, Inc. All Rights Reserved.
------------------------------------------------------------------------------------
| Tool Version : Vivado v.2020.1 (win64) Build 2902540 Wed May 27 19:54:49 MDT 2020
| Date         : Sun Mar 21 17:25:14 2021
| Host         : jedla running 64-bit major release  (build 9200)
| Command      : upgrade_ip
| Device       : xc7z020clg400-1
------------------------------------------------------------------------------------

Upgrade Log for IP 'design_1_LBlock_wrapper_0_0'

1. Summary
----------

SUCCESS in the upgrade of design_1_LBlock_wrapper_0_0 (xilinx.com:user:LBlock_wrapper:3.0) from (Rev. 21) to (Rev. 22)






Copyright 1986-2020 Xilinx, Inc. All Rights Reserved.
------------------------------------------------------------------------------------
| Tool Version : Vivado v.2020.1 (win64) Build 2902540 Wed May 27 19:54:49 MDT 2020
| Date         : Sun Mar 21 17:03:36 2021
| Host         : jedla running 64-bit major release  (build 9200)
| Command      : upgrade_ip
| Device       : xc7z020clg400-1
------------------------------------------------------------------------------------

Upgrade Log for IP 'design_1_LBlock_wrapper_0_0'

1. Summary
----------

SUCCESS in the upgrade of design_1_LBlock_wrapper_0_0 (xilinx.com:user:LBlock_wrapper:3.0) from (Rev. 20) to (Rev. 21)






Copyright 1986-2020 Xilinx, Inc. All Rights Reserved.
------------------------------------------------------------------------------------
| Tool Version : Vivado v.2020.1 (win64) Build 2902540 Wed May 27 19:54:49 MDT 2020
| Date         : Sun Mar 21 16:46:21 2021
| Host         : jedla running 64-bit major release  (build 9200)
| Command      : upgrade_ip
| Device       : xc7z020clg400-1
------------------------------------------------------------------------------------

Upgrade Log for IP 'design_1_LBlock_wrapper_0_0'

1. Summary
----------

SUCCESS in the upgrade of design_1_LBlock_wrapper_0_0 (xilinx.com:user:LBlock_wrapper:3.0) from (Rev. 19) to (Rev. 20)






Copyright 1986-2020 Xilinx, Inc. All Rights Reserved.
------------------------------------------------------------------------------------
| Tool Version : Vivado v.2020.1 (win64) Build 2902540 Wed May 27 19:54:49 MDT 2020
| Date         : Sun Mar 21 16:21:42 2021
| Host         : jedla running 64-bit major release  (build 9200)
| Command      : upgrade_ip
| Device       : xc7z020clg400-1
------------------------------------------------------------------------------------

Upgrade Log for IP 'design_1_LBlock_wrapper_0_0'

1. Summary
----------

SUCCESS in the upgrade of design_1_LBlock_wrapper_0_0 (xilinx.com:user:LBlock_wrapper:3.0) from (Rev. 18) to (Rev. 19)






Copyright 1986-2020 Xilinx, Inc. All Rights Reserved.
------------------------------------------------------------------------------------
| Tool Version : Vivado v.2020.1 (win64) Build 2902540 Wed May 27 19:54:49 MDT 2020
| Date         : Sun Mar 21 16:01:58 2021
| Host         : jedla running 64-bit major release  (build 9200)
| Command      : upgrade_ip
| Device       : xc7z020clg400-1
------------------------------------------------------------------------------------

Upgrade Log for IP 'design_1_LBlock_wrapper_0_0'

1. Summary
----------

SUCCESS in the upgrade of design_1_LBlock_wrapper_0_0 (xilinx.com:user:LBlock_wrapper:3.0) from (Rev. 17) to (Rev. 18)






Copyright 1986-2020 Xilinx, Inc. All Rights Reserved.
------------------------------------------------------------------------------------
| Tool Version : Vivado v.2020.1 (win64) Build 2902540 Wed May 27 19:54:49 MDT 2020
| Date         : Sun Mar 21 15:38:11 2021
| Host         : jedla running 64-bit major release  (build 9200)
| Command      : upgrade_ip
| Device       : xc7z020clg400-1
------------------------------------------------------------------------------------

Upgrade Log for IP 'design_1_LBlock_wrapper_0_0'

1. Summary
----------

SUCCESS in the upgrade of design_1_LBlock_wrapper_0_0 (xilinx.com:user:LBlock_wrapper:3.0) from (Rev. 16) to (Rev. 17)






Copyright 1986-2020 Xilinx, Inc. All Rights Reserved.
------------------------------------------------------------------------------------
| Tool Version : Vivado v.2020.1 (win64) Build 2902540 Wed May 27 19:54:49 MDT 2020
| Date         : Sun Mar 21 15:23:32 2021
| Host         : jedla running 64-bit major release  (build 9200)
| Command      : upgrade_ip
| Device       : xc7z020clg400-1
------------------------------------------------------------------------------------

Upgrade Log for IP 'design_1_LBlock_wrapper_0_0'

1. Summary
----------

SUCCESS in the upgrade of design_1_LBlock_wrapper_0_0 (xilinx.com:user:LBlock_wrapper:3.0) from (Rev. 15) to (Rev. 16)






Copyright 1986-2020 Xilinx, Inc. All Rights Reserved.
------------------------------------------------------------------------------------
| Tool Version : Vivado v.2020.1 (win64) Build 2902540 Wed May 27 19:54:49 MDT 2020
| Date         : Sun Mar 21 15:16:11 2021
| Host         : jedla running 64-bit major release  (build 9200)
| Command      : upgrade_ip
| Device       : xc7z020clg400-1
------------------------------------------------------------------------------------

Upgrade Log for IP 'design_1_LBlock_wrapper_0_0'

1. Summary
----------

SUCCESS in the upgrade of design_1_LBlock_wrapper_0_0 (xilinx.com:user:LBlock_wrapper:3.0) from (Rev. 14) to (Rev. 15)






Copyright 1986-2020 Xilinx, Inc. All Rights Reserved.
------------------------------------------------------------------------------------
| Tool Version : Vivado v.2020.1 (win64) Build 2902540 Wed May 27 19:54:49 MDT 2020
| Date         : Sun Mar 21 15:02:16 2021
| Host         : jedla running 64-bit major release  (build 9200)
| Command      : upgrade_ip
| Device       : xc7z020clg400-1
------------------------------------------------------------------------------------

Upgrade Log for IP 'design_1_LBlock_wrapper_0_0'

1. Summary
----------

SUCCESS in the upgrade of design_1_LBlock_wrapper_0_0 (xilinx.com:user:LBlock_wrapper:3.0) from (Rev. 13) to (Rev. 14)






Copyright 1986-2020 Xilinx, Inc. All Rights Reserved.
------------------------------------------------------------------------------------
| Tool Version : Vivado v.2020.1 (win64) Build 2902540 Wed May 27 19:54:49 MDT 2020
| Date         : Sun Mar 21 14:40:01 2021
| Host         : jedla running 64-bit major release  (build 9200)
| Command      : upgrade_ip
| Device       : xc7z020clg400-1
------------------------------------------------------------------------------------

Upgrade Log for IP 'design_1_LBlock_wrapper_0_0'

1. Summary
----------

SUCCESS in the upgrade of design_1_LBlock_wrapper_0_0 (xilinx.com:user:LBlock_wrapper:3.0) from (Rev. 12) to (Rev. 13)






Copyright 1986-2020 Xilinx, Inc. All Rights Reserved.
------------------------------------------------------------------------------------
| Tool Version : Vivado v.2020.1 (win64) Build 2902540 Wed May 27 19:54:49 MDT 2020
| Date         : Sun Mar 21 14:26:48 2021
| Host         : jedla running 64-bit major release  (build 9200)
| Command      : upgrade_ip
| Device       : xc7z020clg400-1
------------------------------------------------------------------------------------

Upgrade Log for IP 'design_1_LBlock_wrapper_0_0'

1. Summary
----------

SUCCESS in the upgrade of design_1_LBlock_wrapper_0_0 (xilinx.com:user:LBlock_wrapper:3.0) from (Rev. 11) to (Rev. 12)






Copyright 1986-2020 Xilinx, Inc. All Rights Reserved.
------------------------------------------------------------------------------------
| Tool Version : Vivado v.2020.1 (win64) Build 2902540 Wed May 27 19:54:49 MDT 2020
| Date         : Sun Mar 21 14:01:43 2021
| Host         : jedla running 64-bit major release  (build 9200)
| Command      : upgrade_ip
| Device       : xc7z020clg400-1
------------------------------------------------------------------------------------

Upgrade Log for IP 'design_1_LBlock_wrapper_0_0'

1. Summary
----------

SUCCESS in the upgrade of design_1_LBlock_wrapper_0_0 (xilinx.com:user:LBlock_wrapper:3.0) from (Rev. 10) to (Rev. 11)






Copyright 1986-2020 Xilinx, Inc. All Rights Reserved.
------------------------------------------------------------------------------------
| Tool Version : Vivado v.2020.1 (win64) Build 2902540 Wed May 27 19:54:49 MDT 2020
| Date         : Sun Mar 21 03:37:28 2021
| Host         : jedla running 64-bit major release  (build 9200)
| Command      : upgrade_ip
| Device       : xc7z020clg400-1
------------------------------------------------------------------------------------

Upgrade Log for IP 'design_1_LBlock_wrapper_0_0'

1. Summary
----------

SUCCESS in the upgrade of design_1_LBlock_wrapper_0_0 (xilinx.com:user:LBlock_wrapper:3.0) from (Rev. 8) to (Rev. 10)






Copyright 1986-2020 Xilinx, Inc. All Rights Reserved.
------------------------------------------------------------------------------------
| Tool Version : Vivado v.2020.1 (win64) Build 2902540 Wed May 27 19:54:49 MDT 2020
| Date         : Sun Mar 21 03:12:50 2021
| Host         : jedla running 64-bit major release  (build 9200)
| Command      : upgrade_ip
| Device       : xc7z020clg400-1
------------------------------------------------------------------------------------

Upgrade Log for IP 'design_1_LBlock_wrapper_0_0'

1. Summary
----------

SUCCESS in the upgrade of design_1_LBlock_wrapper_0_0 (xilinx.com:user:LBlock_wrapper:3.0) from (Rev. 7) to (Rev. 8)






Copyright 1986-2020 Xilinx, Inc. All Rights Reserved.
------------------------------------------------------------------------------------
| Tool Version : Vivado v.2020.1 (win64) Build 2902540 Wed May 27 19:54:49 MDT 2020
| Date         : Sun Mar 21 02:52:49 2021
| Host         : jedla running 64-bit major release  (build 9200)
| Command      : upgrade_ip
| Device       : xc7z020clg400-1
------------------------------------------------------------------------------------

Upgrade Log for IP 'design_1_LBlock_wrapper_0_0'

1. Summary
----------

SUCCESS in the upgrade of design_1_LBlock_wrapper_0_0 (xilinx.com:user:LBlock_wrapper:3.0) from (Rev. 6) to (Rev. 7)






Copyright 1986-2020 Xilinx, Inc. All Rights Reserved.
------------------------------------------------------------------------------------
| Tool Version : Vivado v.2020.1 (win64) Build 2902540 Wed May 27 19:54:49 MDT 2020
| Date         : Sun Mar 21 02:39:47 2021
| Host         : jedla running 64-bit major release  (build 9200)
| Command      : upgrade_ip
| Device       : xc7z020clg400-1
------------------------------------------------------------------------------------

Upgrade Log for IP 'design_1_LBlock_wrapper_0_0'

1. Summary
----------

SUCCESS in the upgrade of design_1_LBlock_wrapper_0_0 (xilinx.com:user:LBlock_wrapper:3.0) from (Rev. 5) to (Rev. 6)






Copyright 1986-2020 Xilinx, Inc. All Rights Reserved.
------------------------------------------------------------------------------------
| Tool Version : Vivado v.2020.1 (win64) Build 2902540 Wed May 27 19:54:49 MDT 2020
| Date         : Sun Mar 21 02:18:06 2021
| Host         : jedla running 64-bit major release  (build 9200)
| Command      : upgrade_ip
| Device       : xc7z020clg400-1
------------------------------------------------------------------------------------

Upgrade Log for IP 'design_1_LBlock_wrapper_0_0'

1. Summary
----------

SUCCESS in the upgrade of design_1_LBlock_wrapper_0_0 (xilinx.com:user:LBlock_wrapper:3.0) from (Rev. 4) to (Rev. 5)






Copyright 1986-2020 Xilinx, Inc. All Rights Reserved.
------------------------------------------------------------------------------------
| Tool Version : Vivado v.2020.1 (win64) Build 2902540 Wed May 27 19:54:49 MDT 2020
| Date         : Sun Mar 21 02:04:36 2021
| Host         : jedla running 64-bit major release  (build 9200)
| Command      : upgrade_ip
| Device       : xc7z020clg400-1
------------------------------------------------------------------------------------

Upgrade Log for IP 'design_1_LBlock_wrapper_0_0'

1. Summary
----------

SUCCESS in the upgrade of design_1_LBlock_wrapper_0_0 (xilinx.com:user:LBlock_wrapper:3.0) from (Rev. 3) to (Rev. 4)






Copyright 1986-2020 Xilinx, Inc. All Rights Reserved.
------------------------------------------------------------------------------------
| Tool Version : Vivado v.2020.1 (win64) Build 2902540 Wed May 27 19:54:49 MDT 2020
| Date         : Sun Mar 21 01:42:13 2021
| Host         : jedla running 64-bit major release  (build 9200)
| Command      : upgrade_ip
| Device       : xc7z020clg400-1
------------------------------------------------------------------------------------

Upgrade Log for IP 'design_1_LBlock_wrapper_0_0'

1. Summary
----------

SUCCESS in the upgrade of design_1_LBlock_wrapper_0_0 (xilinx.com:user:LBlock_wrapper:3.0) from (Rev. 2) to (Rev. 3)






Copyright 1986-2020 Xilinx, Inc. All Rights Reserved.
------------------------------------------------------------------------------------
| Tool Version : Vivado v.2020.1 (win64) Build 2902540 Wed May 27 19:54:49 MDT 2020
| Date         : Sun Mar 21 01:27:22 2021
| Host         : jedla running 64-bit major release  (build 9200)
| Command      : upgrade_ip
| Device       : xc7z020clg400-1
------------------------------------------------------------------------------------

Upgrade Log for IP 'design_1_LBlock_wrapper_0_0'

1. Summary
----------

SUCCESS in the upgrade of design_1_LBlock_wrapper_0_0 (xilinx.com:user:LBlock_wrapper:3.0) from (Rev. 1) to (Rev. 2)






Copyright 1986-2020 Xilinx, Inc. All Rights Reserved.
------------------------------------------------------------------------------------
| Tool Version : Vivado v.2020.1 (win64) Build 2902540 Wed May 27 19:54:49 MDT 2020
| Date         : Sun Mar 21 01:13:55 2021
| Host         : jedla running 64-bit major release  (build 9200)
| Command      : upgrade_ip
| Device       : xc7z020clg400-1
------------------------------------------------------------------------------------

Upgrade Log for IP 'design_1_LBlock_wrapper_0_0'

1. Summary
----------

SUCCESS in the upgrade of design_1_LBlock_wrapper_0_0 from xilinx.com:user:LBlock_wrapper:2.0 (Rev. 7) to xilinx.com:user:LBlock_wrapper:3.0 (Rev. 1)






Copyright 1986-2020 Xilinx, Inc. All Rights Reserved.
------------------------------------------------------------------------------------
| Tool Version : Vivado v.2020.1 (win64) Build 2902540 Wed May 27 19:54:49 MDT 2020
| Date         : Sun Mar 21 00:20:13 2021
| Host         : jedla running 64-bit major release  (build 9200)
| Command      : upgrade_ip
| Device       : xc7z020clg400-1
------------------------------------------------------------------------------------

Upgrade Log for IP 'design_1_LBlock_wrapper_0_0'

1. Summary
----------

SUCCESS in the upgrade of design_1_LBlock_wrapper_0_0 (xilinx.com:user:LBlock_wrapper:2.0) from (Rev. 6) to (Rev. 7)






Copyright 1986-2020 Xilinx, Inc. All Rights Reserved.
------------------------------------------------------------------------------------
| Tool Version : Vivado v.2020.1 (win64) Build 2902540 Wed May 27 19:54:49 MDT 2020
| Date         : Sat Mar 20 23:58:32 2021
| Host         : jedla running 64-bit major release  (build 9200)
| Command      : upgrade_ip
| Device       : xc7z020clg400-1
------------------------------------------------------------------------------------

Upgrade Log for IP 'design_1_LBlock_wrapper_0_0'

1. Summary
----------

SUCCESS in the upgrade of design_1_LBlock_wrapper_0_0 (xilinx.com:user:LBlock_wrapper:2.0) from (Rev. 5) to (Rev. 6)






Copyright 1986-2020 Xilinx, Inc. All Rights Reserved.
------------------------------------------------------------------------------------
| Tool Version : Vivado v.2020.1 (win64) Build 2902540 Wed May 27 19:54:49 MDT 2020
| Date         : Sat Mar 20 23:27:21 2021
| Host         : jedla running 64-bit major release  (build 9200)
| Command      : upgrade_ip
| Device       : xc7z020clg400-1
------------------------------------------------------------------------------------

Upgrade Log for IP 'design_1_LBlock_wrapper_0_0'

1. Summary
----------

SUCCESS in the upgrade of design_1_LBlock_wrapper_0_0 (xilinx.com:user:LBlock_wrapper:2.0) from (Rev. 4) to (Rev. 5)






Copyright 1986-2020 Xilinx, Inc. All Rights Reserved.
------------------------------------------------------------------------------------
| Tool Version : Vivado v.2020.1 (win64) Build 2902540 Wed May 27 19:54:49 MDT 2020
| Date         : Sat Mar 20 23:02:23 2021
| Host         : jedla running 64-bit major release  (build 9200)
| Command      : upgrade_ip
| Device       : xc7z020clg400-1
------------------------------------------------------------------------------------

Upgrade Log for IP 'design_1_LBlock_wrapper_0_0'

1. Summary
----------

SUCCESS in the upgrade of design_1_LBlock_wrapper_0_0 (xilinx.com:user:LBlock_wrapper:2.0) from (Rev. 3) to (Rev. 4)






Copyright 1986-2020 Xilinx, Inc. All Rights Reserved.
------------------------------------------------------------------------------------
| Tool Version : Vivado v.2020.1 (win64) Build 2902540 Wed May 27 19:54:49 MDT 2020
| Date         : Sat Mar 20 22:39:37 2021
| Host         : jedla running 64-bit major release  (build 9200)
| Command      : upgrade_ip
| Device       : xc7z020clg400-1
------------------------------------------------------------------------------------

Upgrade Log for IP 'design_1_LBlock_wrapper_0_0'

1. Summary
----------

SUCCESS in the upgrade of design_1_LBlock_wrapper_0_0 (xilinx.com:user:LBlock_wrapper:2.0) from (Rev. 2) to (Rev. 3)






Copyright 1986-2020 Xilinx, Inc. All Rights Reserved.
------------------------------------------------------------------------------------
| Tool Version : Vivado v.2020.1 (win64) Build 2902540 Wed May 27 19:54:49 MDT 2020
| Date         : Sat Mar 20 22:19:46 2021
| Host         : jedla running 64-bit major release  (build 9200)
| Command      : upgrade_ip
| Device       : xc7z020clg400-1
------------------------------------------------------------------------------------

Upgrade Log for IP 'design_1_LBlock_wrapper_0_0'

1. Summary
----------

SUCCESS in the upgrade of design_1_LBlock_wrapper_0_0 (xilinx.com:user:LBlock_wrapper:2.0) from (Rev. 1) to (Rev. 2)






Copyright 1986-2020 Xilinx, Inc. All Rights Reserved.
------------------------------------------------------------------------------------
| Tool Version : Vivado v.2020.1 (win64) Build 2902540 Wed May 27 19:54:49 MDT 2020
| Date         : Sat Mar 20 21:48:28 2021
| Host         : jedla running 64-bit major release  (build 9200)
| Command      : upgrade_ip
| Device       : xc7z020clg400-1
------------------------------------------------------------------------------------

Upgrade Log for IP 'design_1_LBlock_wrapper_0_0'

1. Summary
----------

SUCCESS in the upgrade of design_1_LBlock_wrapper_0_0 from xilinx.com:user:LBlock_wrapper:1.0 (Rev. 2) to xilinx.com:user:LBlock_wrapper:2.0 (Rev. 1)






Copyright 1986-2020 Xilinx, Inc. All Rights Reserved.
------------------------------------------------------------------------------------
| Tool Version : Vivado v.2020.1 (win64) Build 2902540 Wed May 27 19:54:49 MDT 2020
| Date         : Thu Mar 18 17:48:44 2021
| Host         : jedla running 64-bit major release  (build 9200)
| Command      : upgrade_ip
| Device       : xc7z020clg400-1
------------------------------------------------------------------------------------

Upgrade Log for IP 'design_1_axi_stream_wrapper_0_0'

1. Summary
----------

SUCCESS in the conversion of design_1_axi_stream_wrapper_0_0 (xilinx.com:user:axi_stream_wrapper:1.0 (Rev. 2)) to Vivado generation flows.






Copyright 1986-2020 Xilinx, Inc. All Rights Reserved.
------------------------------------------------------------------------------------
| Tool Version : Vivado v.2020.1 (win64) Build 2902540 Wed May 27 19:54:49 MDT 2020
| Date         : Thu Mar 18 17:31:46 2021
| Host         : jedla running 64-bit major release  (build 9200)
| Command      : upgrade_ip
| Device       : xc7z020clg400-1
------------------------------------------------------------------------------------

Upgrade Log for IP 'design_1_axi_stream_wrapper_0_0'

1. Summary
----------

SUCCESS in the conversion of design_1_axi_stream_wrapper_0_0 (xilinx.com:user:axi_stream_wrapper:1.0 (Rev. 2)) to Vivado generation flows.






Copyright 1986-2020 Xilinx, Inc. All Rights Reserved.
------------------------------------------------------------------------------------
| Tool Version : Vivado v.2020.1 (win64) Build 2902540 Wed May 27 19:54:49 MDT 2020
| Date         : Wed Mar 10 20:00:04 2021
| Host         : jedla running 64-bit major release  (build 9200)
| Command      : upgrade_ip
| Device       : xc7z020clg400-1
------------------------------------------------------------------------------------

Upgrade Log for IP 'design_1_axi_stream_wrapper_0_0'

1. Summary
----------

SUCCESS in the conversion of design_1_axi_stream_wrapper_0_0 (xilinx.com:user:axi_stream_wrapper:1.0 (Rev. 2)) to Vivado generation flows.

